make all --print-data-base --no-builtin-variables --no-builtin-rules --question
make: *** No rule to make target 'all'.  Stop.

# GNU Make 4.3
# Built for x86_64-pc-linux-gnu
# Copyright (C) 1988-2020 Free Software Foundation, Inc.
# License GPLv3+: GNU GPL version 3 or later <http://gnu.org/licenses/gpl.html>
# This is free software: you are free to change and redistribute it.
# There is NO WARRANTY, to the extent permitted by law.

# Make data base, printed on Sat Aug 20 17:41:19 2022

# Variables

# environment
GDK_BACKEND = x11
# environment
LC_ALL = C
# environment
I3SOCK = /run/user/1000/i3/ipc-socket.3715
# environment
MANDATORY_PATH = /usr/share/gconf/i3-cinnamon.mandatory.path
# environment
LC_NAME = en_IE.UTF-8
# environment
LC_NUMERIC = en_IE.UTF-8
# environment
VSCODE_CWD = /home/sundance
# environment
LC_ADDRESS = en_IE.UTF-8
# default
MAKE_COMMAND := make
# environment
GTK3_MODULES = xapp-gtk3-module
# environment
QT_ACCESSIBILITY = 1
# environment
GOPATH = /home/sundance/Code/Go
# automatic
@D = $(patsubst %/,%,$(dir $@))
# environment
PYENV_SHELL = zsh
# environment
VSCODE_HANDLES_UNCAUGHT_ERRORS = true
# default
.VARIABLES := 
# environment
PWD = /home/sundance/Code/Python/SunsetSettings
# automatic
%D = $(patsubst %/,%,$(dir $%))
# environment
LSCOLORS = Gxfxcxdxbxegedabagacad
# environment
XDG_DATA_DIRS = /usr/share/i3-cinnamon:/usr/share/gnome:/home/sundance/.local/share/flatpak/exports/share:/var/lib/flatpak/exports/share:/usr/local/share:/usr/share
# environment
OLDPWD = /home/sundance
# automatic
^D = $(patsubst %/,%,$(dir $^))
# automatic
%F = $(notdir $%)
# environment
VSCODE_CODE_CACHE_PATH = /home/sundance/.config/Code/CachedData/e4503b30fc78200f846c62cf8091b76ff5547662
# environment
XDG_SESSION_PATH = /org/freedesktop/DisplayManager/Session1
# environment
LANG = C
# environment
XAUTHORITY = /home/sundance/.Xauthority
# default
.LOADED := 
# default
.INCLUDE_DIRS = /usr/include /usr/include
# makefile
MAKEFLAGS = pqrR
# makefile
CURDIR := /home/sundance/Code/Python/SunsetSettings
# environment
APPLICATION_INSIGHTS_NO_DIAGNOSTIC_CHANNEL = true
# automatic
*D = $(patsubst %/,%,$(dir $*))
# environment
MFLAGS = -pqrR
# environment
SSH_AUTH_SOCK = /run/user/1000/keyring/ssh
# default
.SHELLFLAGS := -c
# environment
XDG_CONFIG_DIRS = /etc/xdg/xdg-i3-cinnamon:/etc/xdg
# automatic
+D = $(patsubst %/,%,$(dir $+))
# environment
XDG_SESSION_DESKTOP = 
# makefile
MAKEFILE_LIST := 
# automatic
@F = $(notdir $@)
# environment
ZSH = /home/sundance/.oh-my-zsh
# environment
VSCODE_PID = 3350692
# environment
XDG_SESSION_TYPE = x11
# automatic
?D = $(patsubst %/,%,$(dir $?))
# environment
SESSION_MANAGER = local/goupil:@/tmp/.ICE-unix/3297,unix/goupil:/tmp/.ICE-unix/3297
# automatic
*F = $(notdir $*)
# environment
CHROME_DESKTOP = code-url-handler.desktop
# environment
DBUS_SESSION_BUS_ADDRESS = unix:path=/run/user/1000/bus
# automatic
<D = $(patsubst %/,%,$(dir $<))
# environment
VSCODE_NLS_CONFIG = {"locale":"en-us","availableLanguages":{},"_languagePackSupport":true}
# default
MAKE_HOST := x86_64-pc-linux-gnu
# environment
GNOME_DESKTOP_SESSION_ID = this-is-deprecated
# makefile
SHELL = /bin/sh
# default
MAKECMDGOALS := all
# environment
SHLVL = 0
# environment
MAKELEVEL := 0
# default
MAKE = $(MAKE_COMMAND)
# environment
PATH = /home/sundance/.pyenv/shims:/home/sundance/.pyenv/bin:/usr/local/sbin:/usr/local/bin:/usr/sbin:/usr/bin:/sbin:/bin:/usr/games:/usr/local/games:/snap/bin:/home/sundance/bin/:/home/sundance/Code/Go/bin:/home/sundance/.fzf/bin
# default
MAKEFILES := 
# environment
LC_MONETARY = en_IE.UTF-8
# automatic
^F = $(notdir $^)
# environment
LC_TIME = en_IE.UTF-8
# environment
LC_TELEPHONE = en_IE.UTF-8
# automatic
?F = $(notdir $?)
# environment
DESKTOP_AUTOSTART_ID = 10c2ad45275fbda8816593697331987200000032970000
# environment
XDG_SEAT = seat0
# environment
XDG_CURRENT_DESKTOP = X-Cinnamon
# environment
LS_COLORS = 
# automatic
+F = $(notdir $+)
# environment
XDG_SEAT_PATH = /org/freedesktop/DisplayManager/Seat0
# environment
LESS = -R -P%lb/%L
# environment
DESKTOP_SESSION = i3-cinnamon
# environment
ORIGINAL_XDG_CURRENT_DESKTOP = X-Cinnamon
# 'override' directive
GNUMAKEFLAGS := 
# environment
LOGNAME = sundance
# environment
XDG_VTNR = 1
# makefile
.DEFAULT_GOAL := 
# environment
DISPLAY = :0
# environment
USER = sundance
# environment
DEFAULTS_PATH = /usr/share/gconf/i3-cinnamon.default.path
# default
MAKE_VERSION := 4.3
# environment
LC_MEASUREMENT = en_IE.UTF-8
# environment
SSH_AGENT_PID = 3454
# environment
PAGER = less
# environment
_ = /usr/share/code/code
# environment
LC_PAPER = en_IE.UTF-8
# environment
XDG_RUNTIME_DIR = /run/user/1000
# environment
GPG_AGENT_INFO = /run/user/1000/gnupg/S.gpg-agent:0:1
# environment
GTK_OVERLAY_SCROLLING = 0
# environment
XDG_SESSION_CLASS = user
# environment
VSCODE_AMD_ENTRYPOINT = vs/workbench/api/node/extensionHostProcess
# environment
HOME = /home/sundance
# environment
ELECTRON_RUN_AS_NODE = 1
# environment
VSCODE_IPC_HOOK = /run/user/1000/vscode-fde86c18-1.70.2-main.sock
# environment
XDG_SESSION_ID = 3
# default
.RECIPEPREFIX := 
# automatic
<F = $(notdir $<)
# default
SUFFIXES := 
# default
.FEATURES := target-specific order-only second-expansion else-if shortest-stem undefine oneshell nocomment grouped-target extra-prereqs archives jobserver output-sync check-symlink load
# environment
LC_IDENTIFICATION = en_IE.UTF-8
# variable set hash-table stats:
# Load=101/1024=10%, Rehash=0, Collisions=4/126=3%

# Pattern-specific Variable Values

# No pattern-specific variable values.

# Directories

# . (device 66309, inode 25430773): 27 files, no impossibilities.

# 27 files, no impossibilities in 1 directories.

# Implicit Rules

# No implicit rules.

# Files

# Not a target:
Makefile:
#  Implicit rule search has been done.
#  File does not exist.
#  File has been updated.
#  Failed to be updated.

# Not a target:
.DEFAULT:
#  Implicit rule search has not been done.
#  Modification time never checked.
#  File has not been updated.

# Not a target:
all:
#  Command line target.
#  Implicit rule search has been done.
#  File does not exist.
#  File has not been updated.

# Not a target:
makefile:
#  Implicit rule search has been done.
#  File does not exist.
#  File has been updated.
#  Failed to be updated.

# Not a target:
GNUmakefile:
#  Implicit rule search has been done.
#  File does not exist.
#  File has been updated.
#  Failed to be updated.

# files hash-table stats:
# Load=6/1024=1%, Rehash=0, Collisions=0/15=0%
# VPATH Search Paths

# No 'vpath' search paths.

# No general ('VPATH' variable) search path.

# strcache buffers: 1 (0) / strings = 34 / storage = 329 B / avg = 9 B
# current buf: size = 8162 B / used = 329 B / count = 34 / avg = 9 B

# strcache performance: lookups = 37 / hit rate = 8%
# hash-table stats:
# Load=34/8192=0%, Rehash=0, Collisions=0/37=0%
# Finished Make data base on Sat Aug 20 17:41:19 2022

 
